{"/Users/vincentiusclarishna/Documents/PROJECT WEBSITE/06. Wibu'sGram/Wibu-sGram/server/app.js": {"path":"/Users/vincentiusclarishna/Documents/PROJECT WEBSITE/06. Wibu'sGram/Wibu-sGram/server/app.js","statementMap":{"0":{"start":{"line":1,"column":0},"end":{"line":1,"column":70}},"1":{"start":{"line":1,"column":43},"end":{"line":1,"column":70}},"2":{"start":{"line":2,"column":13},"end":{"line":2,"column":37}},"3":{"start":{"line":3,"column":16},"end":{"line":3,"column":34}},"4":{"start":{"line":4,"column":12},"end":{"line":4,"column":21}},"5":{"start":{"line":5,"column":13},"end":{"line":5,"column":28}},"6":{"start":{"line":6,"column":15},"end":{"line":6,"column":40}},"7":{"start":{"line":8,"column":0},"end":{"line":8,"column":16}},"8":{"start":{"line":9,"column":0},"end":{"line":9,"column":48}},"9":{"start":{"line":10,"column":0},"end":{"line":10,"column":24}},"10":{"start":{"line":11,"column":0},"end":{"line":11,"column":16}},"11":{"start":{"line":17,"column":0},"end":{"line":17,"column":21}}},"fnMap":{},"branchMap":{"0":{"loc":{"start":{"line":1,"column":0},"end":{"line":1,"column":70}},"type":"if","locations":[{"start":{"line":1,"column":0},"end":{"line":1,"column":70}},{"start":{},"end":{}}],"line":1},"1":{"loc":{"start":{"line":2,"column":13},"end":{"line":2,"column":37}},"type":"binary-expr","locations":[{"start":{"line":2,"column":13},"end":{"line":2,"column":29}},{"start":{"line":2,"column":33},"end":{"line":2,"column":37}}],"line":2}},"s":{"0":1,"1":1,"2":1,"3":1,"4":1,"5":1,"6":1,"7":1,"8":1,"9":1,"10":1,"11":1},"f":{},"b":{"0":[1,0],"1":[1,0]},"_coverageSchema":"1a1c01bbd47fc00a2c39e90264f33305004495a9","hash":"4216a8a0ccb6fc8f66f1b803b3c113784a007876"}
,"/Users/vincentiusclarishna/Documents/PROJECT WEBSITE/06. Wibu'sGram/Wibu-sGram/server/controllers/controller.js": {"path":"/Users/vincentiusclarishna/Documents/PROJECT WEBSITE/06. Wibu'sGram/Wibu-sGram/server/controllers/controller.js","statementMap":{"0":{"start":{"line":1,"column":27},"end":{"line":1,"column":55}},"1":{"start":{"line":2,"column":23},"end":{"line":2,"column":43}},"2":{"start":{"line":3,"column":22},"end":{"line":3,"column":47}},"3":{"start":{"line":4,"column":25},"end":{"line":4,"column":55}},"4":{"start":{"line":5,"column":14},"end":{"line":5,"column":30}},"5":{"start":{"line":9,"column":2},"end":{"line":58,"column":3}},"6":{"start":{"line":10,"column":19},"end":{"line":14,"column":4}},"7":{"start":{"line":16,"column":22},"end":{"line":16,"column":48}},"8":{"start":{"line":18,"column":3},"end":{"line":18,"column":75}},"9":{"start":{"line":20,"column":3},"end":{"line":20,"column":40}},"10":{"start":{"line":21,"column":16},"end":{"line":21,"column":19}},"11":{"start":{"line":22,"column":17},"end":{"line":22,"column":40}},"12":{"start":{"line":25,"column":3},"end":{"line":31,"column":4}},"13":{"start":{"line":26,"column":4},"end":{"line":26,"column":17}},"14":{"start":{"line":27,"column":4},"end":{"line":27,"column":43}},"15":{"start":{"line":28,"column":10},"end":{"line":31,"column":4}},"16":{"start":{"line":29,"column":4},"end":{"line":29,"column":17}},"17":{"start":{"line":30,"column":4},"end":{"line":30,"column":41}},"18":{"start":{"line":34,"column":3},"end":{"line":46,"column":4}},"19":{"start":{"line":35,"column":4},"end":{"line":35,"column":17}},"20":{"start":{"line":36,"column":4},"end":{"line":36,"column":40}},"21":{"start":{"line":37,"column":10},"end":{"line":46,"column":4}},"22":{"start":{"line":38,"column":4},"end":{"line":38,"column":17}},"23":{"start":{"line":39,"column":4},"end":{"line":39,"column":37}},"24":{"start":{"line":40,"column":10},"end":{"line":46,"column":4}},"25":{"start":{"line":41,"column":4},"end":{"line":41,"column":17}},"26":{"start":{"line":42,"column":4},"end":{"line":42,"column":38}},"27":{"start":{"line":43,"column":10},"end":{"line":46,"column":4}},"28":{"start":{"line":44,"column":4},"end":{"line":44,"column":17}},"29":{"start":{"line":45,"column":4},"end":{"line":45,"column":37}},"30":{"start":{"line":49,"column":3},"end":{"line":55,"column":4}},"31":{"start":{"line":50,"column":4},"end":{"line":50,"column":17}},"32":{"start":{"line":51,"column":4},"end":{"line":51,"column":43}},"33":{"start":{"line":52,"column":10},"end":{"line":55,"column":4}},"34":{"start":{"line":53,"column":4},"end":{"line":53,"column":17}},"35":{"start":{"line":54,"column":4},"end":{"line":54,"column":41}},"36":{"start":{"line":57,"column":3},"end":{"line":57,"column":36}},"37":{"start":{"line":62,"column":2},"end":{"line":98,"column":3}},"38":{"start":{"line":63,"column":31},"end":{"line":63,"column":39}},"39":{"start":{"line":64,"column":20},"end":{"line":68,"column":5}},"40":{"start":{"line":69,"column":3},"end":{"line":71,"column":4}},"41":{"start":{"line":70,"column":4},"end":{"line":70,"column":46}},"42":{"start":{"line":73,"column":28},"end":{"line":73,"column":71}},"43":{"start":{"line":74,"column":3},"end":{"line":76,"column":4}},"44":{"start":{"line":75,"column":4},"end":{"line":75,"column":46}},"45":{"start":{"line":78,"column":19},"end":{"line":82,"column":4}},"46":{"start":{"line":83,"column":17},"end":{"line":83,"column":35}},"47":{"start":{"line":85,"column":3},"end":{"line":85,"column":80}},"48":{"start":{"line":87,"column":3},"end":{"line":87,"column":30}},"49":{"start":{"line":88,"column":16},"end":{"line":88,"column":19}},"50":{"start":{"line":89,"column":17},"end":{"line":89,"column":40}},"51":{"start":{"line":92,"column":3},"end":{"line":95,"column":4}},"52":{"start":{"line":93,"column":4},"end":{"line":93,"column":17}},"53":{"start":{"line":94,"column":4},"end":{"line":94,"column":39}},"54":{"start":{"line":97,"column":3},"end":{"line":97,"column":36}},"55":{"start":{"line":102,"column":2},"end":{"line":129,"column":3}},"56":{"start":{"line":103,"column":18},"end":{"line":103,"column":28}},"57":{"start":{"line":104,"column":24},"end":{"line":104,"column":47}},"58":{"start":{"line":105,"column":3},"end":{"line":105,"column":62}},"59":{"start":{"line":105,"column":22},"end":{"line":105,"column":62}},"60":{"start":{"line":107,"column":31},"end":{"line":107,"column":39}},"61":{"start":{"line":108,"column":3},"end":{"line":114,"column":5}},"62":{"start":{"line":116,"column":3},"end":{"line":116,"column":60}},"63":{"start":{"line":118,"column":3},"end":{"line":118,"column":22}},"64":{"start":{"line":119,"column":16},"end":{"line":119,"column":19}},"65":{"start":{"line":120,"column":17},"end":{"line":120,"column":40}},"66":{"start":{"line":123,"column":3},"end":{"line":126,"column":4}},"67":{"start":{"line":124,"column":4},"end":{"line":124,"column":17}},"68":{"start":{"line":125,"column":4},"end":{"line":125,"column":31}},"69":{"start":{"line":128,"column":3},"end":{"line":128,"column":36}},"70":{"start":{"line":133,"column":2},"end":{"line":155,"column":3}},"71":{"start":{"line":137,"column":18},"end":{"line":137,"column":28}},"72":{"start":{"line":138,"column":24},"end":{"line":138,"column":47}},"73":{"start":{"line":139,"column":3},"end":{"line":139,"column":62}},"74":{"start":{"line":139,"column":22},"end":{"line":139,"column":62}},"75":{"start":{"line":141,"column":3},"end":{"line":141,"column":41}},"76":{"start":{"line":142,"column":3},"end":{"line":142,"column":61}},"77":{"start":{"line":144,"column":3},"end":{"line":144,"column":22}},"78":{"start":{"line":145,"column":16},"end":{"line":145,"column":19}},"79":{"start":{"line":146,"column":17},"end":{"line":146,"column":40}},"80":{"start":{"line":149,"column":3},"end":{"line":152,"column":4}},"81":{"start":{"line":150,"column":4},"end":{"line":150,"column":17}},"82":{"start":{"line":151,"column":4},"end":{"line":151,"column":37}},"83":{"start":{"line":154,"column":3},"end":{"line":154,"column":36}},"84":{"start":{"line":159,"column":2},"end":{"line":192,"column":3}},"85":{"start":{"line":160,"column":3},"end":{"line":160,"column":28}},"86":{"start":{"line":161,"column":21},"end":{"line":161,"column":32}},"87":{"start":{"line":162,"column":18},"end":{"line":162,"column":36}},"88":{"start":{"line":164,"column":18},"end":{"line":167,"column":5}},"89":{"start":{"line":170,"column":19},"end":{"line":170,"column":38}},"90":{"start":{"line":173,"column":27},"end":{"line":183,"column":5}},"91":{"start":{"line":186,"column":24},"end":{"line":186,"column":50}},"92":{"start":{"line":189,"column":3},"end":{"line":189,"column":38}},"93":{"start":{"line":191,"column":3},"end":{"line":191,"column":22}},"94":{"start":{"line":196,"column":2},"end":{"line":202,"column":3}},"95":{"start":{"line":197,"column":27},"end":{"line":197,"column":71}},"96":{"start":{"line":198,"column":3},"end":{"line":198,"column":46}},"97":{"start":{"line":200,"column":3},"end":{"line":200,"column":22}},"98":{"start":{"line":201,"column":3},"end":{"line":201,"column":62}},"99":{"start":{"line":206,"column":2},"end":{"line":212,"column":3}},"100":{"start":{"line":207,"column":22},"end":{"line":207,"column":92}},"101":{"start":{"line":208,"column":3},"end":{"line":208,"column":41}},"102":{"start":{"line":210,"column":3},"end":{"line":210,"column":22}},"103":{"start":{"line":211,"column":3},"end":{"line":211,"column":62}},"104":{"start":{"line":216,"column":2},"end":{"line":241,"column":3}},"105":{"start":{"line":217,"column":42},"end":{"line":217,"column":50}},"106":{"start":{"line":218,"column":19},"end":{"line":223,"column":5}},"107":{"start":{"line":225,"column":3},"end":{"line":225,"column":62}},"108":{"start":{"line":227,"column":3},"end":{"line":227,"column":40}},"109":{"start":{"line":228,"column":16},"end":{"line":228,"column":19}},"110":{"start":{"line":229,"column":17},"end":{"line":229,"column":40}},"111":{"start":{"line":232,"column":3},"end":{"line":238,"column":4}},"112":{"start":{"line":233,"column":4},"end":{"line":233,"column":17}},"113":{"start":{"line":234,"column":4},"end":{"line":234,"column":40}},"114":{"start":{"line":235,"column":10},"end":{"line":238,"column":4}},"115":{"start":{"line":236,"column":4},"end":{"line":236,"column":17}},"116":{"start":{"line":237,"column":4},"end":{"line":237,"column":45}},"117":{"start":{"line":240,"column":3},"end":{"line":240,"column":36}},"118":{"start":{"line":245,"column":2},"end":{"line":273,"column":3}},"119":{"start":{"line":246,"column":18},"end":{"line":246,"column":28}},"120":{"start":{"line":247,"column":20},"end":{"line":247,"column":43}},"121":{"start":{"line":248,"column":3},"end":{"line":248,"column":55}},"122":{"start":{"line":248,"column":18},"end":{"line":248,"column":55}},"123":{"start":{"line":250,"column":42},"end":{"line":250,"column":50}},"124":{"start":{"line":251,"column":3},"end":{"line":260,"column":5}},"125":{"start":{"line":262,"column":3},"end":{"line":262,"column":62}},"126":{"start":{"line":264,"column":3},"end":{"line":264,"column":30}},"127":{"start":{"line":265,"column":16},"end":{"line":265,"column":19}},"128":{"start":{"line":266,"column":17},"end":{"line":266,"column":40}},"129":{"start":{"line":268,"column":3},"end":{"line":271,"column":4}},"130":{"start":{"line":269,"column":4},"end":{"line":269,"column":17}},"131":{"start":{"line":270,"column":4},"end":{"line":270,"column":34}},"132":{"start":{"line":272,"column":3},"end":{"line":272,"column":36}},"133":{"start":{"line":277,"column":2},"end":{"line":301,"column":3}},"134":{"start":{"line":278,"column":18},"end":{"line":278,"column":28}},"135":{"start":{"line":279,"column":20},"end":{"line":279,"column":43}},"136":{"start":{"line":280,"column":3},"end":{"line":280,"column":55}},"137":{"start":{"line":280,"column":18},"end":{"line":280,"column":55}},"138":{"start":{"line":282,"column":3},"end":{"line":286,"column":6}},"139":{"start":{"line":288,"column":3},"end":{"line":288,"column":62}},"140":{"start":{"line":290,"column":3},"end":{"line":290,"column":22}},"141":{"start":{"line":291,"column":16},"end":{"line":291,"column":19}},"142":{"start":{"line":292,"column":17},"end":{"line":292,"column":40}},"143":{"start":{"line":295,"column":3},"end":{"line":298,"column":4}},"144":{"start":{"line":296,"column":4},"end":{"line":296,"column":17}},"145":{"start":{"line":297,"column":4},"end":{"line":297,"column":53}},"146":{"start":{"line":300,"column":3},"end":{"line":300,"column":36}},"147":{"start":{"line":305,"column":2},"end":{"line":311,"column":3}},"148":{"start":{"line":306,"column":20},"end":{"line":306,"column":40}},"149":{"start":{"line":308,"column":3},"end":{"line":308,"column":34}},"150":{"start":{"line":310,"column":3},"end":{"line":310,"column":22}},"151":{"start":{"line":315,"column":0},"end":{"line":315,"column":28}}},"fnMap":{"0":{"name":"(anonymous_0)","decl":{"start":{"line":8,"column":1},"end":{"line":8,"column":2}},"loc":{"start":{"line":8,"column":33},"end":{"line":59,"column":2}},"line":8},"1":{"name":"(anonymous_1)","decl":{"start":{"line":61,"column":1},"end":{"line":61,"column":2}},"loc":{"start":{"line":61,"column":30},"end":{"line":99,"column":2}},"line":61},"2":{"name":"(anonymous_2)","decl":{"start":{"line":101,"column":1},"end":{"line":101,"column":2}},"loc":{"start":{"line":101,"column":35},"end":{"line":130,"column":2}},"line":101},"3":{"name":"(anonymous_3)","decl":{"start":{"line":132,"column":1},"end":{"line":132,"column":2}},"loc":{"start":{"line":132,"column":35},"end":{"line":156,"column":2}},"line":132},"4":{"name":"(anonymous_4)","decl":{"start":{"line":158,"column":1},"end":{"line":158,"column":2}},"loc":{"start":{"line":158,"column":42},"end":{"line":193,"column":2}},"line":158},"5":{"name":"(anonymous_5)","decl":{"start":{"line":195,"column":1},"end":{"line":195,"column":2}},"loc":{"start":{"line":195,"column":39},"end":{"line":203,"column":2}},"line":195},"6":{"name":"(anonymous_6)","decl":{"start":{"line":205,"column":1},"end":{"line":205,"column":2}},"loc":{"start":{"line":205,"column":40},"end":{"line":213,"column":2}},"line":205},"7":{"name":"(anonymous_7)","decl":{"start":{"line":215,"column":1},"end":{"line":215,"column":2}},"loc":{"start":{"line":215,"column":32},"end":{"line":242,"column":2}},"line":215},"8":{"name":"(anonymous_8)","decl":{"start":{"line":244,"column":1},"end":{"line":244,"column":2}},"loc":{"start":{"line":244,"column":35},"end":{"line":274,"column":2}},"line":244},"9":{"name":"(anonymous_9)","decl":{"start":{"line":276,"column":1},"end":{"line":276,"column":2}},"loc":{"start":{"line":276,"column":35},"end":{"line":302,"column":2}},"line":276},"10":{"name":"(anonymous_10)","decl":{"start":{"line":304,"column":1},"end":{"line":304,"column":2}},"loc":{"start":{"line":304,"column":39},"end":{"line":312,"column":2}},"line":304}},"branchMap":{"0":{"loc":{"start":{"line":25,"column":3},"end":{"line":31,"column":4}},"type":"if","locations":[{"start":{"line":25,"column":3},"end":{"line":31,"column":4}},{"start":{"line":28,"column":10},"end":{"line":31,"column":4}}],"line":25},"1":{"loc":{"start":{"line":28,"column":10},"end":{"line":31,"column":4}},"type":"if","locations":[{"start":{"line":28,"column":10},"end":{"line":31,"column":4}},{"start":{},"end":{}}],"line":28},"2":{"loc":{"start":{"line":34,"column":3},"end":{"line":46,"column":4}},"type":"if","locations":[{"start":{"line":34,"column":3},"end":{"line":46,"column":4}},{"start":{"line":37,"column":10},"end":{"line":46,"column":4}}],"line":34},"3":{"loc":{"start":{"line":37,"column":10},"end":{"line":46,"column":4}},"type":"if","locations":[{"start":{"line":37,"column":10},"end":{"line":46,"column":4}},{"start":{"line":40,"column":10},"end":{"line":46,"column":4}}],"line":37},"4":{"loc":{"start":{"line":40,"column":10},"end":{"line":46,"column":4}},"type":"if","locations":[{"start":{"line":40,"column":10},"end":{"line":46,"column":4}},{"start":{"line":43,"column":10},"end":{"line":46,"column":4}}],"line":40},"5":{"loc":{"start":{"line":43,"column":10},"end":{"line":46,"column":4}},"type":"if","locations":[{"start":{"line":43,"column":10},"end":{"line":46,"column":4}},{"start":{},"end":{}}],"line":43},"6":{"loc":{"start":{"line":49,"column":3},"end":{"line":55,"column":4}},"type":"if","locations":[{"start":{"line":49,"column":3},"end":{"line":55,"column":4}},{"start":{"line":52,"column":10},"end":{"line":55,"column":4}}],"line":49},"7":{"loc":{"start":{"line":52,"column":10},"end":{"line":55,"column":4}},"type":"if","locations":[{"start":{"line":52,"column":10},"end":{"line":55,"column":4}},{"start":{},"end":{}}],"line":52},"8":{"loc":{"start":{"line":69,"column":3},"end":{"line":71,"column":4}},"type":"if","locations":[{"start":{"line":69,"column":3},"end":{"line":71,"column":4}},{"start":{},"end":{}}],"line":69},"9":{"loc":{"start":{"line":74,"column":3},"end":{"line":76,"column":4}},"type":"if","locations":[{"start":{"line":74,"column":3},"end":{"line":76,"column":4}},{"start":{},"end":{}}],"line":74},"10":{"loc":{"start":{"line":92,"column":3},"end":{"line":95,"column":4}},"type":"if","locations":[{"start":{"line":92,"column":3},"end":{"line":95,"column":4}},{"start":{},"end":{}}],"line":92},"11":{"loc":{"start":{"line":105,"column":3},"end":{"line":105,"column":62}},"type":"if","locations":[{"start":{"line":105,"column":3},"end":{"line":105,"column":62}},{"start":{},"end":{}}],"line":105},"12":{"loc":{"start":{"line":123,"column":3},"end":{"line":126,"column":4}},"type":"if","locations":[{"start":{"line":123,"column":3},"end":{"line":126,"column":4}},{"start":{},"end":{}}],"line":123},"13":{"loc":{"start":{"line":139,"column":3},"end":{"line":139,"column":62}},"type":"if","locations":[{"start":{"line":139,"column":3},"end":{"line":139,"column":62}},{"start":{},"end":{}}],"line":139},"14":{"loc":{"start":{"line":149,"column":3},"end":{"line":152,"column":4}},"type":"if","locations":[{"start":{"line":149,"column":3},"end":{"line":152,"column":4}},{"start":{},"end":{}}],"line":149},"15":{"loc":{"start":{"line":232,"column":3},"end":{"line":238,"column":4}},"type":"if","locations":[{"start":{"line":232,"column":3},"end":{"line":238,"column":4}},{"start":{"line":235,"column":10},"end":{"line":238,"column":4}}],"line":232},"16":{"loc":{"start":{"line":235,"column":10},"end":{"line":238,"column":4}},"type":"if","locations":[{"start":{"line":235,"column":10},"end":{"line":238,"column":4}},{"start":{},"end":{}}],"line":235},"17":{"loc":{"start":{"line":248,"column":3},"end":{"line":248,"column":55}},"type":"if","locations":[{"start":{"line":248,"column":3},"end":{"line":248,"column":55}},{"start":{},"end":{}}],"line":248},"18":{"loc":{"start":{"line":268,"column":3},"end":{"line":271,"column":4}},"type":"if","locations":[{"start":{"line":268,"column":3},"end":{"line":271,"column":4}},{"start":{},"end":{}}],"line":268},"19":{"loc":{"start":{"line":280,"column":3},"end":{"line":280,"column":55}},"type":"if","locations":[{"start":{"line":280,"column":3},"end":{"line":280,"column":55}},{"start":{},"end":{}}],"line":280},"20":{"loc":{"start":{"line":295,"column":3},"end":{"line":298,"column":4}},"type":"if","locations":[{"start":{"line":295,"column":3},"end":{"line":298,"column":4}},{"start":{},"end":{}}],"line":295}},"s":{"0":1,"1":1,"2":1,"3":1,"4":1,"5":0,"6":0,"7":0,"8":0,"9":0,"10":0,"11":0,"12":0,"13":0,"14":0,"15":0,"16":0,"17":0,"18":0,"19":0,"20":0,"21":0,"22":0,"23":0,"24":0,"25":0,"26":0,"27":0,"28":0,"29":0,"30":0,"31":0,"32":0,"33":0,"34":0,"35":0,"36":0,"37":0,"38":0,"39":0,"40":0,"41":0,"42":0,"43":0,"44":0,"45":0,"46":0,"47":0,"48":0,"49":0,"50":0,"51":0,"52":0,"53":0,"54":0,"55":1,"56":1,"57":1,"58":1,"59":0,"60":1,"61":1,"62":0,"63":1,"64":1,"65":1,"66":1,"67":0,"68":0,"69":1,"70":0,"71":0,"72":0,"73":0,"74":0,"75":0,"76":0,"77":0,"78":0,"79":0,"80":0,"81":0,"82":0,"83":0,"84":0,"85":0,"86":0,"87":0,"88":0,"89":0,"90":0,"91":0,"92":0,"93":0,"94":0,"95":0,"96":0,"97":0,"98":0,"99":0,"100":0,"101":0,"102":0,"103":0,"104":0,"105":0,"106":0,"107":0,"108":0,"109":0,"110":0,"111":0,"112":0,"113":0,"114":0,"115":0,"116":0,"117":0,"118":0,"119":0,"120":0,"121":0,"122":0,"123":0,"124":0,"125":0,"126":0,"127":0,"128":0,"129":0,"130":0,"131":0,"132":0,"133":0,"134":0,"135":0,"136":0,"137":0,"138":0,"139":0,"140":0,"141":0,"142":0,"143":0,"144":0,"145":0,"146":0,"147":0,"148":0,"149":0,"150":0,"151":1},"f":{"0":0,"1":0,"2":1,"3":0,"4":0,"5":0,"6":0,"7":0,"8":0,"9":0,"10":0},"b":{"0":[0,0],"1":[0,0],"2":[0,0],"3":[0,0],"4":[0,0],"5":[0,0],"6":[0,0],"7":[0,0],"8":[0,0],"9":[0,0],"10":[0,0],"11":[0,1],"12":[0,1],"13":[0,0],"14":[0,0],"15":[0,0],"16":[0,0],"17":[0,0],"18":[0,0],"19":[0,0],"20":[0,0]},"_coverageSchema":"1a1c01bbd47fc00a2c39e90264f33305004495a9","hash":"402d6e68ce6f9f2a0a1b029dc53b999e37ba0b67"}
,"/Users/vincentiusclarishna/Documents/PROJECT WEBSITE/06. Wibu'sGram/Wibu-sGram/server/helpers/bcrypt.js": {"path":"/Users/vincentiusclarishna/Documents/PROJECT WEBSITE/06. Wibu'sGram/Wibu-sGram/server/helpers/bcrypt.js","statementMap":{"0":{"start":{"line":1,"column":15},"end":{"line":1,"column":32}},"1":{"start":{"line":3,"column":21},"end":{"line":6,"column":1}},"2":{"start":{"line":4,"column":14},"end":{"line":4,"column":36}},"3":{"start":{"line":5,"column":1},"end":{"line":5,"column":36}},"4":{"start":{"line":8,"column":23},"end":{"line":10,"column":1}},"5":{"start":{"line":9,"column":1},"end":{"line":9,"column":39}},"6":{"start":{"line":12,"column":0},"end":{"line":12,"column":50}}},"fnMap":{"0":{"name":"(anonymous_0)","decl":{"start":{"line":3,"column":21},"end":{"line":3,"column":22}},"loc":{"start":{"line":3,"column":31},"end":{"line":6,"column":1}},"line":3},"1":{"name":"(anonymous_1)","decl":{"start":{"line":8,"column":23},"end":{"line":8,"column":24}},"loc":{"start":{"line":8,"column":39},"end":{"line":10,"column":1}},"line":8}},"branchMap":{},"s":{"0":1,"1":1,"2":2,"3":2,"4":1,"5":0,"6":1},"f":{"0":2,"1":0},"b":{},"_coverageSchema":"1a1c01bbd47fc00a2c39e90264f33305004495a9","hash":"7bd724eb1e9a0a2b3af21383d9cb7073cb9ef644"}
,"/Users/vincentiusclarishna/Documents/PROJECT WEBSITE/06. Wibu'sGram/Wibu-sGram/server/helpers/jwt.js": {"path":"/Users/vincentiusclarishna/Documents/PROJECT WEBSITE/06. Wibu'sGram/Wibu-sGram/server/helpers/jwt.js","statementMap":{"0":{"start":{"line":1,"column":12},"end":{"line":1,"column":35}},"1":{"start":{"line":2,"column":19},"end":{"line":2,"column":50}},"2":{"start":{"line":4,"column":18},"end":{"line":6,"column":1}},"3":{"start":{"line":5,"column":1},"end":{"line":5,"column":38}},"4":{"start":{"line":8,"column":20},"end":{"line":10,"column":1}},"5":{"start":{"line":9,"column":1},"end":{"line":9,"column":38}},"6":{"start":{"line":12,"column":0},"end":{"line":12,"column":44}}},"fnMap":{"0":{"name":"(anonymous_0)","decl":{"start":{"line":4,"column":18},"end":{"line":4,"column":19}},"loc":{"start":{"line":4,"column":31},"end":{"line":6,"column":1}},"line":4},"1":{"name":"(anonymous_1)","decl":{"start":{"line":8,"column":20},"end":{"line":8,"column":21}},"loc":{"start":{"line":8,"column":31},"end":{"line":10,"column":1}},"line":8}},"branchMap":{},"s":{"0":1,"1":1,"2":1,"3":1,"4":1,"5":1,"6":1},"f":{"0":1,"1":1},"b":{},"_coverageSchema":"1a1c01bbd47fc00a2c39e90264f33305004495a9","hash":"43786138100b39104b8dd11fd10f26f4069b8d65"}
,"/Users/vincentiusclarishna/Documents/PROJECT WEBSITE/06. Wibu'sGram/Wibu-sGram/server/middleware/authentication.js": {"path":"/Users/vincentiusclarishna/Documents/PROJECT WEBSITE/06. Wibu'sGram/Wibu-sGram/server/middleware/authentication.js","statementMap":{"0":{"start":{"line":1,"column":24},"end":{"line":1,"column":49}},"1":{"start":{"line":2,"column":17},"end":{"line":2,"column":37}},"2":{"start":{"line":4,"column":23},"end":{"line":39,"column":1}},"3":{"start":{"line":5,"column":1},"end":{"line":38,"column":2}},"4":{"start":{"line":6,"column":28},"end":{"line":6,"column":39}},"5":{"start":{"line":7,"column":2},"end":{"line":9,"column":3}},"6":{"start":{"line":8,"column":3},"end":{"line":8,"column":35}},"7":{"start":{"line":11,"column":23},"end":{"line":11,"column":50}},"8":{"start":{"line":12,"column":19},"end":{"line":12,"column":44}},"9":{"start":{"line":14,"column":19},"end":{"line":14,"column":51}},"10":{"start":{"line":15,"column":2},"end":{"line":17,"column":3}},"11":{"start":{"line":16,"column":3},"end":{"line":16,"column":37}},"12":{"start":{"line":19,"column":2},"end":{"line":23,"column":4}},"13":{"start":{"line":25,"column":2},"end":{"line":25,"column":9}},"14":{"start":{"line":27,"column":2},"end":{"line":27,"column":29}},"15":{"start":{"line":28,"column":15},"end":{"line":28,"column":18}},"16":{"start":{"line":29,"column":16},"end":{"line":29,"column":39}},"17":{"start":{"line":32,"column":2},"end":{"line":35,"column":3}},"18":{"start":{"line":33,"column":3},"end":{"line":33,"column":16}},"19":{"start":{"line":34,"column":3},"end":{"line":34,"column":33}},"20":{"start":{"line":37,"column":2},"end":{"line":37,"column":35}},"21":{"start":{"line":41,"column":0},"end":{"line":41,"column":32}}},"fnMap":{"0":{"name":"(anonymous_0)","decl":{"start":{"line":4,"column":23},"end":{"line":4,"column":24}},"loc":{"start":{"line":4,"column":49},"end":{"line":39,"column":1}},"line":4}},"branchMap":{"0":{"loc":{"start":{"line":7,"column":2},"end":{"line":9,"column":3}},"type":"if","locations":[{"start":{"line":7,"column":2},"end":{"line":9,"column":3}},{"start":{},"end":{}}],"line":7},"1":{"loc":{"start":{"line":15,"column":2},"end":{"line":17,"column":3}},"type":"if","locations":[{"start":{"line":15,"column":2},"end":{"line":17,"column":3}},{"start":{},"end":{}}],"line":15},"2":{"loc":{"start":{"line":32,"column":2},"end":{"line":35,"column":3}},"type":"if","locations":[{"start":{"line":32,"column":2},"end":{"line":35,"column":3}},{"start":{},"end":{}}],"line":32}},"s":{"0":1,"1":1,"2":1,"3":1,"4":1,"5":1,"6":0,"7":1,"8":1,"9":1,"10":1,"11":0,"12":1,"13":1,"14":0,"15":0,"16":0,"17":0,"18":0,"19":0,"20":0,"21":1},"f":{"0":1},"b":{"0":[0,1],"1":[0,1],"2":[0,0]},"_coverageSchema":"1a1c01bbd47fc00a2c39e90264f33305004495a9","hash":"2fc9bcdbe4f4c1e234be280457140d9644497c16"}
,"/Users/vincentiusclarishna/Documents/PROJECT WEBSITE/06. Wibu'sGram/Wibu-sGram/server/models/index.js": {"path":"/Users/vincentiusclarishna/Documents/PROJECT WEBSITE/06. Wibu'sGram/Wibu-sGram/server/models/index.js","statementMap":{"0":{"start":{"line":3,"column":11},"end":{"line":3,"column":24}},"1":{"start":{"line":4,"column":13},"end":{"line":4,"column":28}},"2":{"start":{"line":5,"column":18},"end":{"line":5,"column":38}},"3":{"start":{"line":6,"column":16},"end":{"line":6,"column":34}},"4":{"start":{"line":7,"column":17},"end":{"line":7,"column":42}},"5":{"start":{"line":8,"column":12},"end":{"line":8,"column":49}},"6":{"start":{"line":9,"column":15},"end":{"line":9,"column":65}},"7":{"start":{"line":10,"column":11},"end":{"line":10,"column":13}},"8":{"start":{"line":13,"column":0},"end":{"line":22,"column":1}},"9":{"start":{"line":14,"column":1},"end":{"line":14,"column":73}},"10":{"start":{"line":16,"column":1},"end":{"line":21,"column":3}},"11":{"start":{"line":24,"column":0},"end":{"line":39,"column":4}},"12":{"start":{"line":26,"column":2},"end":{"line":31,"column":4}},"13":{"start":{"line":34,"column":16},"end":{"line":37,"column":3}},"14":{"start":{"line":38,"column":2},"end":{"line":38,"column":25}},"15":{"start":{"line":41,"column":0},"end":{"line":45,"column":3}},"16":{"start":{"line":42,"column":1},"end":{"line":44,"column":2}},"17":{"start":{"line":43,"column":2},"end":{"line":43,"column":30}},"18":{"start":{"line":47,"column":0},"end":{"line":47,"column":25}},"19":{"start":{"line":48,"column":0},"end":{"line":48,"column":25}},"20":{"start":{"line":50,"column":0},"end":{"line":50,"column":20}}},"fnMap":{"0":{"name":"(anonymous_0)","decl":{"start":{"line":25,"column":9},"end":{"line":25,"column":10}},"loc":{"start":{"line":25,"column":19},"end":{"line":32,"column":2}},"line":25},"1":{"name":"(anonymous_1)","decl":{"start":{"line":33,"column":10},"end":{"line":33,"column":11}},"loc":{"start":{"line":33,"column":20},"end":{"line":39,"column":2}},"line":33},"2":{"name":"(anonymous_2)","decl":{"start":{"line":41,"column":24},"end":{"line":41,"column":25}},"loc":{"start":{"line":41,"column":39},"end":{"line":45,"column":1}},"line":41}},"branchMap":{"0":{"loc":{"start":{"line":8,"column":12},"end":{"line":8,"column":49}},"type":"binary-expr","locations":[{"start":{"line":8,"column":12},"end":{"line":8,"column":32}},{"start":{"line":8,"column":36},"end":{"line":8,"column":49}}],"line":8},"1":{"loc":{"start":{"line":13,"column":0},"end":{"line":22,"column":1}},"type":"if","locations":[{"start":{"line":13,"column":0},"end":{"line":22,"column":1}},{"start":{"line":15,"column":7},"end":{"line":22,"column":1}}],"line":13},"2":{"loc":{"start":{"line":27,"column":3},"end":{"line":30,"column":34}},"type":"binary-expr","locations":[{"start":{"line":27,"column":3},"end":{"line":27,"column":26}},{"start":{"line":28,"column":3},"end":{"line":28,"column":20}},{"start":{"line":29,"column":3},"end":{"line":29,"column":27}},{"start":{"line":30,"column":3},"end":{"line":30,"column":34}}],"line":27},"3":{"loc":{"start":{"line":42,"column":1},"end":{"line":44,"column":2}},"type":"if","locations":[{"start":{"line":42,"column":1},"end":{"line":44,"column":2}},{"start":{},"end":{}}],"line":42}},"s":{"0":1,"1":1,"2":1,"3":1,"4":1,"5":1,"6":1,"7":1,"8":1,"9":0,"10":1,"11":1,"12":3,"13":2,"14":2,"15":1,"16":2,"17":2,"18":1,"19":1,"20":1},"f":{"0":3,"1":2,"2":2},"b":{"0":[1,0],"1":[0,1],"2":[3,3,2,2],"3":[2,0]},"_coverageSchema":"1a1c01bbd47fc00a2c39e90264f33305004495a9","hash":"0bedde1705da502d75d59d59d417491c1f585cc9"}
,"/Users/vincentiusclarishna/Documents/PROJECT WEBSITE/06. Wibu'sGram/Wibu-sGram/server/models/post.js": {"path":"/Users/vincentiusclarishna/Documents/PROJECT WEBSITE/06. Wibu'sGram/Wibu-sGram/server/models/post.js","statementMap":{"0":{"start":{"line":2,"column":18},"end":{"line":2,"column":38}},"1":{"start":{"line":3,"column":0},"end":{"line":48,"column":2}},"2":{"start":{"line":12,"column":3},"end":{"line":12,"column":59}},"3":{"start":{"line":15,"column":1},"end":{"line":46,"column":3}},"4":{"start":{"line":47,"column":1},"end":{"line":47,"column":13}}},"fnMap":{"0":{"name":"(anonymous_0)","decl":{"start":{"line":3,"column":17},"end":{"line":3,"column":18}},"loc":{"start":{"line":3,"column":43},"end":{"line":48,"column":1}},"line":3},"1":{"name":"(anonymous_1)","decl":{"start":{"line":10,"column":2},"end":{"line":10,"column":3}},"loc":{"start":{"line":10,"column":27},"end":{"line":13,"column":3}},"line":10}},"branchMap":{},"s":{"0":1,"1":1,"2":1,"3":1,"4":1},"f":{"0":1,"1":1},"b":{},"_coverageSchema":"1a1c01bbd47fc00a2c39e90264f33305004495a9","hash":"86f03ebf4b1058d04c3482d62f19d4b3789eec70"}
,"/Users/vincentiusclarishna/Documents/PROJECT WEBSITE/06. Wibu'sGram/Wibu-sGram/server/models/user.js": {"path":"/Users/vincentiusclarishna/Documents/PROJECT WEBSITE/06. Wibu'sGram/Wibu-sGram/server/models/user.js","statementMap":{"0":{"start":{"line":2,"column":25},"end":{"line":2,"column":53}},"1":{"start":{"line":3,"column":18},"end":{"line":3,"column":38}},"2":{"start":{"line":4,"column":0},"end":{"line":54,"column":2}},"3":{"start":{"line":13,"column":3},"end":{"line":13,"column":57}},"4":{"start":{"line":16,"column":1},"end":{"line":49,"column":3}},"5":{"start":{"line":50,"column":1},"end":{"line":52,"column":4}},"6":{"start":{"line":51,"column":2},"end":{"line":51,"column":46}},"7":{"start":{"line":53,"column":1},"end":{"line":53,"column":13}}},"fnMap":{"0":{"name":"(anonymous_0)","decl":{"start":{"line":4,"column":17},"end":{"line":4,"column":18}},"loc":{"start":{"line":4,"column":43},"end":{"line":54,"column":1}},"line":4},"1":{"name":"(anonymous_1)","decl":{"start":{"line":11,"column":2},"end":{"line":11,"column":3}},"loc":{"start":{"line":11,"column":27},"end":{"line":14,"column":3}},"line":11},"2":{"name":"(anonymous_2)","decl":{"start":{"line":50,"column":19},"end":{"line":50,"column":20}},"loc":{"start":{"line":50,"column":29},"end":{"line":52,"column":2}},"line":50}},"branchMap":{},"s":{"0":1,"1":1,"2":1,"3":1,"4":1,"5":1,"6":0,"7":1},"f":{"0":1,"1":1,"2":0},"b":{},"_coverageSchema":"1a1c01bbd47fc00a2c39e90264f33305004495a9","hash":"a6b639a1f4b5e3d9e6f3e3858f85e3a820b4e2a8"}
,"/Users/vincentiusclarishna/Documents/PROJECT WEBSITE/06. Wibu'sGram/Wibu-sGram/server/routers/main.js": {"path":"/Users/vincentiusclarishna/Documents/PROJECT WEBSITE/06. Wibu'sGram/Wibu-sGram/server/routers/main.js","statementMap":{"0":{"start":{"line":1,"column":15},"end":{"line":1,"column":42}},"1":{"start":{"line":2,"column":19},"end":{"line":2,"column":55}},"2":{"start":{"line":3,"column":23},"end":{"line":3,"column":62}},"3":{"start":{"line":6,"column":0},"end":{"line":6,"column":38}},"4":{"start":{"line":7,"column":0},"end":{"line":7,"column":40}},"5":{"start":{"line":8,"column":0},"end":{"line":8,"column":41}},"6":{"start":{"line":11,"column":0},"end":{"line":11,"column":52}},"7":{"start":{"line":14,"column":0},"end":{"line":14,"column":46}},"8":{"start":{"line":15,"column":0},"end":{"line":15,"column":40}},"9":{"start":{"line":17,"column":0},"end":{"line":17,"column":27}},"10":{"start":{"line":19,"column":0},"end":{"line":19,"column":45}},"11":{"start":{"line":20,"column":0},"end":{"line":20,"column":47}},"12":{"start":{"line":21,"column":0},"end":{"line":21,"column":50}},"13":{"start":{"line":22,"column":0},"end":{"line":22,"column":42}},"14":{"start":{"line":23,"column":0},"end":{"line":23,"column":45}},"15":{"start":{"line":25,"column":0},"end":{"line":25,"column":24}}},"fnMap":{},"branchMap":{},"s":{"0":1,"1":1,"2":1,"3":1,"4":1,"5":1,"6":1,"7":1,"8":1,"9":1,"10":1,"11":1,"12":1,"13":1,"14":1,"15":1},"f":{},"b":{},"_coverageSchema":"1a1c01bbd47fc00a2c39e90264f33305004495a9","hash":"0cadad4dbd377496e29e72e3fafd2066d5af2b5f"}
}
